2017-03-16 16:59:25,285 [Thread-9] ERROR org.eclipse.jgit.util.FS - xcrun: error: invalid active developer path (/Library/Developer/CommandLineTools), missing xcrun at: /Library/Developer/CommandLineTools/usr/bin/xcrun

2017-03-16 16:59:25,310 [Thread-10] ERROR org.eclipse.jgit.util.FS - xcrun: error: invalid active developer path (/Library/Developer/CommandLineTools), missing xcrun at: /Library/Developer/CommandLineTools/usr/bin/xcrun

2017-03-16 17:13:59,593 [Worker-18] INFO  o.e.m.c.i.l.LifecycleMappingFactory - Using org.eclipse.m2e.jdt.JarLifecycleMapping lifecycle mapping for MavenProject: BluebirdJPA:BluebirdJPA:0.0.1-SNAPSHOT @ /Users/Pat-Levi-Gaston/Desktop/ProjectBluebird/BluebirdJPA/pom.xml.
2017-03-16 17:14:03,259 [Worker-18] INFO  o.e.m.j.i.AbstractJavaProjectConfigurator - Adding source folder /BluebirdJPA/src
2017-03-16 17:14:03,260 [Worker-18] INFO  o.e.m.j.i.AbstractJavaProjectConfigurator - Resources folder /BluebirdJPA/src overlaps with sources folder /BluebirdJPA/src
2017-03-16 17:14:03,267 [Worker-18] INFO  o.e.m.j.i.AbstractJavaProjectConfigurator - Not adding source folder /BluebirdJPA/src/test/java because it overlaps with /BluebirdJPA/src
2017-03-16 17:14:03,747 [Worker-18] INFO  o.e.m.c.i.p.ProjectConfigurationManager - Update started
2017-03-16 17:14:06,491 [Worker-18] INFO  o.e.m.c.i.l.LifecycleMappingFactory - Using org.eclipse.m2e.jdt.JarLifecycleMapping lifecycle mapping for MavenProject: BluebirdJPA:BluebirdJPA:0.0.1-SNAPSHOT @ /Users/Pat-Levi-Gaston/Desktop/ProjectBluebird/BluebirdJPA/pom.xml.
2017-03-16 17:14:06,981 [Worker-18] INFO  o.e.m.j.i.AbstractJavaProjectConfigurator - Adding source folder /BluebirdJPA/src
2017-03-16 17:14:06,982 [Worker-18] INFO  o.e.m.j.i.AbstractJavaProjectConfigurator - Resources folder /BluebirdJPA/src overlaps with sources folder /BluebirdJPA/src
2017-03-16 17:14:06,993 [Worker-18] INFO  o.e.m.j.i.AbstractJavaProjectConfigurator - Not adding source folder /BluebirdJPA/src/test/java because it overlaps with /BluebirdJPA/src
2017-03-16 17:14:07,495 [Worker-18] INFO  o.e.m.c.i.p.ProjectConfigurationManager - Update completed: 3 sec
2017-03-16 17:14:07,639 [Worker-16] WARN  o.e.m.c.i.embedder.EclipseLogger - Using platform encoding (UTF-8 actually) to copy filtered resources, i.e. build is platform dependent!
2017-03-16 17:14:07,664 [Worker-16] INFO  o.e.m.c.i.embedder.EclipseLogger - Copying 1 resource
2017-03-16 17:14:07,678 [Worker-16] WARN  o.e.m.c.i.embedder.EclipseLogger - Using platform encoding (UTF-8 actually) to copy filtered resources, i.e. build is platform dependent!
2017-03-16 17:14:07,679 [Worker-16] INFO  o.e.m.c.i.embedder.EclipseLogger - skip non existing resourceDirectory /Users/Pat-Levi-Gaston/Desktop/ProjectBluebird/BluebirdJPA/src/test/resources
2017-03-16 17:14:55,106 [Worker-21] INFO  o.e.m.c.i.l.LifecycleMappingFactory - Using org.eclipse.m2e.jdt.JarLifecycleMapping lifecycle mapping for MavenProject: BluebirdJPA:BluebirdJPA:0.0.1-SNAPSHOT @ /Users/Pat-Levi-Gaston/Desktop/ProjectBluebird/BluebirdJPA/pom.xml.
2017-03-16 17:14:58,077 [Worker-21] WARN  o.e.m.c.i.embedder.EclipseLogger - Using platform encoding (UTF-8 actually) to copy filtered resources, i.e. build is platform dependent!
2017-03-16 17:14:58,118 [Worker-21] INFO  o.e.m.c.i.embedder.EclipseLogger - Copying 0 resource
2017-03-16 17:14:58,120 [Worker-21] WARN  o.e.m.c.i.embedder.EclipseLogger - Using platform encoding (UTF-8 actually) to copy filtered resources, i.e. build is platform dependent!
2017-03-16 17:14:58,150 [Worker-21] INFO  o.e.m.c.i.embedder.EclipseLogger - skip non existing resourceDirectory /Users/Pat-Levi-Gaston/Desktop/ProjectBluebird/BluebirdJPA/src/test/resources
2017-03-16 17:14:59,885 [Worker-24] WARN  o.e.m.c.i.embedder.EclipseLogger - Using platform encoding (UTF-8 actually) to copy filtered resources, i.e. build is platform dependent!
2017-03-16 17:14:59,904 [Worker-24] INFO  o.e.m.c.i.embedder.EclipseLogger - Copying 1 resource
2017-03-16 17:14:59,914 [Worker-24] WARN  o.e.m.c.i.embedder.EclipseLogger - Using platform encoding (UTF-8 actually) to copy filtered resources, i.e. build is platform dependent!
2017-03-16 17:14:59,915 [Worker-24] INFO  o.e.m.c.i.embedder.EclipseLogger - skip non existing resourceDirectory /Users/Pat-Levi-Gaston/Desktop/ProjectBluebird/BluebirdJPA/src/test/resources
2017-03-16 17:15:08,149 [Worker-22] WARN  o.e.m.c.i.embedder.EclipseLogger - Using platform encoding (UTF-8 actually) to copy filtered resources, i.e. build is platform dependent!
2017-03-16 17:15:08,150 [Worker-22] INFO  o.e.m.c.i.embedder.EclipseLogger - Copying 0 resource
2017-03-16 17:15:08,151 [Worker-22] WARN  o.e.m.c.i.embedder.EclipseLogger - Using platform encoding (UTF-8 actually) to copy filtered resources, i.e. build is platform dependent!
2017-03-16 17:15:08,152 [Worker-22] INFO  o.e.m.c.i.embedder.EclipseLogger - skip non existing resourceDirectory /Users/Pat-Levi-Gaston/Desktop/ProjectBluebird/BluebirdJPA/src/test/resources
2017-03-16 17:16:08,788 [Worker-2] INFO  o.e.m.c.i.l.LifecycleMappingFactory - Using org.maven.ide.eclipse.wtp.WarLifecycleMapping lifecycle mapping for MavenProject: BluebirdMVC:BluebirdMVC:0.0.1-SNAPSHOT @ /Users/Pat-Levi-Gaston/Desktop/ProjectBluebird/BluebirdMVC/pom.xml.
2017-03-16 17:16:14,304 [Worker-2] INFO  o.e.m.j.i.AbstractJavaProjectConfigurator - Adding source folder /BluebirdMVC/src
2017-03-16 17:16:14,305 [Worker-2] INFO  o.e.m.j.i.AbstractJavaProjectConfigurator - Not adding source folder /BluebirdMVC/src/test/java because it overlaps with /BluebirdMVC/src
2017-03-16 17:16:14,666 [Worker-2] INFO  o.e.m.c.i.p.ProjectConfigurationManager - Update started
2017-03-16 17:16:15,121 [Worker-2] INFO  o.e.m.c.i.l.LifecycleMappingFactory - Using org.maven.ide.eclipse.wtp.WarLifecycleMapping lifecycle mapping for MavenProject: BluebirdMVC:BluebirdMVC:0.0.1-SNAPSHOT @ /Users/Pat-Levi-Gaston/Desktop/ProjectBluebird/BluebirdMVC/pom.xml.
2017-03-16 17:16:17,044 [Worker-2] INFO  o.e.m.j.i.AbstractJavaProjectConfigurator - Adding source folder /BluebirdMVC/src
2017-03-16 17:16:17,045 [Worker-2] INFO  o.e.m.j.i.AbstractJavaProjectConfigurator - Not adding source folder /BluebirdMVC/src/test/java because it overlaps with /BluebirdMVC/src
2017-03-16 17:16:17,181 [Worker-2] INFO  o.e.m.w.i.f.ResourceFilteringBuildParticipant - Cleaning filtered folder for BluebirdMVC
2017-03-16 17:16:17,217 [Worker-2] INFO  o.e.m.c.i.p.ProjectConfigurationManager - Update completed: 2 sec
2017-03-16 17:16:17,357 [Worker-19] WARN  o.e.m.c.i.embedder.EclipseLogger - Using platform encoding (UTF-8 actually) to copy filtered resources, i.e. build is platform dependent!
2017-03-16 17:16:17,369 [Worker-19] INFO  o.e.m.c.i.embedder.EclipseLogger - skip non existing resourceDirectory /Users/Pat-Levi-Gaston/Desktop/ProjectBluebird/BluebirdMVC/src/main/resources
2017-03-16 17:16:17,371 [Worker-19] WARN  o.e.m.c.i.embedder.EclipseLogger - Using platform encoding (UTF-8 actually) to copy filtered resources, i.e. build is platform dependent!
2017-03-16 17:16:17,383 [Worker-19] INFO  o.e.m.c.i.embedder.EclipseLogger - skip non existing resourceDirectory /Users/Pat-Levi-Gaston/Desktop/ProjectBluebird/BluebirdMVC/src/test/resources
2017-03-16 17:16:17,384 [Worker-19] INFO  o.e.m.w.i.f.ResourceFilteringBuildParticipant - Changed resources require a complete clean of filtered resources of BluebirdMVC
2017-03-16 17:16:17,385 [Worker-19] INFO  o.e.m.w.i.f.ResourceFilteringBuildParticipant - Executing resource filtering for BluebirdMVC
2017-03-16 17:16:17,416 [Worker-19] WARN  o.e.m.c.i.embedder.EclipseLogger - The POM for org.apache.maven.plugins:maven-clean-plugin:jar:2.5 is missing, no dependency information available
2017-03-16 17:16:17,444 [Worker-19] WARN  o.e.m.c.i.embedder.EclipseLogger - Using platform encoding (UTF-8 actually) to copy filtered resources, i.e. build is platform dependent!
2017-03-16 17:16:53,444 [Worker-2] INFO  o.e.m.c.i.l.LifecycleMappingFactory - Using org.maven.ide.eclipse.wtp.WarLifecycleMapping lifecycle mapping for MavenProject: BluebirdMVC:BluebirdMVC:0.0.1-SNAPSHOT @ /Users/Pat-Levi-Gaston/Desktop/ProjectBluebird/BluebirdMVC/pom.xml.
2017-03-16 17:16:58,708 [Worker-2] WARN  o.e.m.c.i.embedder.EclipseLogger - Using platform encoding (UTF-8 actually) to copy filtered resources, i.e. build is platform dependent!
2017-03-16 17:16:58,786 [Worker-2] INFO  o.e.m.c.i.embedder.EclipseLogger - skip non existing resourceDirectory /Users/Pat-Levi-Gaston/Desktop/ProjectBluebird/BluebirdMVC/src/main/resources
2017-03-16 17:16:58,788 [Worker-2] WARN  o.e.m.c.i.embedder.EclipseLogger - Using platform encoding (UTF-8 actually) to copy filtered resources, i.e. build is platform dependent!
2017-03-16 17:16:58,788 [Worker-2] INFO  o.e.m.c.i.embedder.EclipseLogger - skip non existing resourceDirectory /Users/Pat-Levi-Gaston/Desktop/ProjectBluebird/BluebirdMVC/src/test/resources
2017-03-16 17:16:58,789 [Worker-2] INFO  o.e.m.w.i.f.ResourceFilteringBuildParticipant - Changed resources require a complete clean of filtered resources of BluebirdMVC
2017-03-16 17:16:58,789 [Worker-2] INFO  o.e.m.w.i.f.ResourceFilteringBuildParticipant - Executing resource filtering for BluebirdMVC
2017-03-16 17:16:58,793 [Worker-2] WARN  o.e.m.c.i.embedder.EclipseLogger - Using platform encoding (UTF-8 actually) to copy filtered resources, i.e. build is platform dependent!
2017-03-16 17:18:25,313 [Worker-23] WARN  o.e.m.c.i.embedder.EclipseLogger - Using platform encoding (UTF-8 actually) to copy filtered resources, i.e. build is platform dependent!
2017-03-16 17:18:25,341 [Worker-23] INFO  o.e.m.c.i.embedder.EclipseLogger - skip non existing resourceDirectory /Users/Pat-Levi-Gaston/Desktop/ProjectBluebird/BluebirdMVC/src/main/resources
2017-03-16 17:18:25,344 [Worker-23] WARN  o.e.m.c.i.embedder.EclipseLogger - Using platform encoding (UTF-8 actually) to copy filtered resources, i.e. build is platform dependent!
2017-03-16 17:18:25,356 [Worker-23] INFO  o.e.m.c.i.embedder.EclipseLogger - skip non existing resourceDirectory /Users/Pat-Levi-Gaston/Desktop/ProjectBluebird/BluebirdMVC/src/test/resources
2017-03-16 17:18:29,083 [Worker-2] WARN  o.e.m.c.i.embedder.EclipseLogger - Using platform encoding (UTF-8 actually) to copy filtered resources, i.e. build is platform dependent!
2017-03-16 17:18:29,084 [Worker-2] INFO  o.e.m.c.i.embedder.EclipseLogger - skip non existing resourceDirectory /Users/Pat-Levi-Gaston/Desktop/ProjectBluebird/BluebirdMVC/src/main/resources
2017-03-16 17:18:29,088 [Worker-2] WARN  o.e.m.c.i.embedder.EclipseLogger - Using platform encoding (UTF-8 actually) to copy filtered resources, i.e. build is platform dependent!
2017-03-16 17:18:29,088 [Worker-2] INFO  o.e.m.c.i.embedder.EclipseLogger - skip non existing resourceDirectory /Users/Pat-Levi-Gaston/Desktop/ProjectBluebird/BluebirdMVC/src/test/resources
2017-03-16 17:18:35,512 [Worker-2] WARN  o.e.m.c.i.embedder.EclipseLogger - Using platform encoding (UTF-8 actually) to copy filtered resources, i.e. build is platform dependent!
2017-03-16 17:18:35,512 [Worker-2] INFO  o.e.m.c.i.embedder.EclipseLogger - skip non existing resourceDirectory /Users/Pat-Levi-Gaston/Desktop/ProjectBluebird/BluebirdMVC/src/main/resources
2017-03-16 17:18:35,514 [Worker-2] WARN  o.e.m.c.i.embedder.EclipseLogger - Using platform encoding (UTF-8 actually) to copy filtered resources, i.e. build is platform dependent!
2017-03-16 17:18:35,515 [Worker-2] INFO  o.e.m.c.i.embedder.EclipseLogger - skip non existing resourceDirectory /Users/Pat-Levi-Gaston/Desktop/ProjectBluebird/BluebirdMVC/src/test/resources
2017-03-16 17:18:40,954 [Worker-19] WARN  o.e.m.c.i.embedder.EclipseLogger - Using platform encoding (UTF-8 actually) to copy filtered resources, i.e. build is platform dependent!
2017-03-16 17:18:40,954 [Worker-19] INFO  o.e.m.c.i.embedder.EclipseLogger - skip non existing resourceDirectory /Users/Pat-Levi-Gaston/Desktop/ProjectBluebird/BluebirdMVC/src/main/resources
2017-03-16 17:18:40,956 [Worker-19] WARN  o.e.m.c.i.embedder.EclipseLogger - Using platform encoding (UTF-8 actually) to copy filtered resources, i.e. build is platform dependent!
2017-03-16 17:18:40,958 [Worker-19] INFO  o.e.m.c.i.embedder.EclipseLogger - skip non existing resourceDirectory /Users/Pat-Levi-Gaston/Desktop/ProjectBluebird/BluebirdMVC/src/test/resources
2017-03-16 17:18:59,660 [Worker-22] WARN  o.e.m.c.i.embedder.EclipseLogger - Using platform encoding (UTF-8 actually) to copy filtered resources, i.e. build is platform dependent!
2017-03-16 17:18:59,711 [Worker-22] INFO  o.e.m.c.i.embedder.EclipseLogger - skip non existing resourceDirectory /Users/Pat-Levi-Gaston/Desktop/ProjectBluebird/BluebirdMVC/src/main/resources
2017-03-16 17:18:59,713 [Worker-22] WARN  o.e.m.c.i.embedder.EclipseLogger - Using platform encoding (UTF-8 actually) to copy filtered resources, i.e. build is platform dependent!
2017-03-16 17:18:59,773 [Worker-22] INFO  o.e.m.c.i.embedder.EclipseLogger - skip non existing resourceDirectory /Users/Pat-Levi-Gaston/Desktop/ProjectBluebird/BluebirdMVC/src/test/resources
2017-03-16 17:19:00,784 [Worker-23] WARN  o.e.m.c.i.embedder.EclipseLogger - Using platform encoding (UTF-8 actually) to copy filtered resources, i.e. build is platform dependent!
2017-03-16 17:19:00,785 [Worker-23] INFO  o.e.m.c.i.embedder.EclipseLogger - skip non existing resourceDirectory /Users/Pat-Levi-Gaston/Desktop/ProjectBluebird/BluebirdMVC/src/main/resources
2017-03-16 17:19:00,787 [Worker-23] WARN  o.e.m.c.i.embedder.EclipseLogger - Using platform encoding (UTF-8 actually) to copy filtered resources, i.e. build is platform dependent!
2017-03-16 17:19:00,787 [Worker-23] INFO  o.e.m.c.i.embedder.EclipseLogger - skip non existing resourceDirectory /Users/Pat-Levi-Gaston/Desktop/ProjectBluebird/BluebirdMVC/src/test/resources
2017-03-16 17:19:29,145 [Worker-16] WARN  o.e.m.c.i.embedder.EclipseLogger - Using platform encoding (UTF-8 actually) to copy filtered resources, i.e. build is platform dependent!
2017-03-16 17:19:29,167 [Worker-16] INFO  o.e.m.c.i.embedder.EclipseLogger - skip non existing resourceDirectory /Users/Pat-Levi-Gaston/Desktop/ProjectBluebird/BluebirdMVC/src/main/resources
2017-03-16 17:19:29,169 [Worker-16] WARN  o.e.m.c.i.embedder.EclipseLogger - Using platform encoding (UTF-8 actually) to copy filtered resources, i.e. build is platform dependent!
2017-03-16 17:19:29,170 [Worker-16] INFO  o.e.m.c.i.embedder.EclipseLogger - skip non existing resourceDirectory /Users/Pat-Levi-Gaston/Desktop/ProjectBluebird/BluebirdMVC/src/test/resources
2017-03-16 17:20:17,278 [Worker-18] WARN  o.e.m.c.i.embedder.EclipseLogger - Using platform encoding (UTF-8 actually) to copy filtered resources, i.e. build is platform dependent!
2017-03-16 17:20:17,278 [Worker-18] INFO  o.e.m.c.i.embedder.EclipseLogger - skip non existing resourceDirectory /Users/Pat-Levi-Gaston/Desktop/ProjectBluebird/BluebirdMVC/src/main/resources
2017-03-16 17:20:17,280 [Worker-18] WARN  o.e.m.c.i.embedder.EclipseLogger - Using platform encoding (UTF-8 actually) to copy filtered resources, i.e. build is platform dependent!
2017-03-16 17:20:17,281 [Worker-18] INFO  o.e.m.c.i.embedder.EclipseLogger - skip non existing resourceDirectory /Users/Pat-Levi-Gaston/Desktop/ProjectBluebird/BluebirdMVC/src/test/resources
2017-03-16 17:22:32,843 [Worker-18] WARN  o.e.m.c.i.embedder.EclipseLogger - Using platform encoding (UTF-8 actually) to copy filtered resources, i.e. build is platform dependent!
2017-03-16 17:22:32,876 [Worker-18] INFO  o.e.m.c.i.embedder.EclipseLogger - skip non existing resourceDirectory /Users/Pat-Levi-Gaston/Desktop/ProjectBluebird/BluebirdMVC/src/main/resources
2017-03-16 17:22:32,877 [Worker-18] WARN  o.e.m.c.i.embedder.EclipseLogger - Using platform encoding (UTF-8 actually) to copy filtered resources, i.e. build is platform dependent!
2017-03-16 17:22:32,879 [Worker-18] INFO  o.e.m.c.i.embedder.EclipseLogger - skip non existing resourceDirectory /Users/Pat-Levi-Gaston/Desktop/ProjectBluebird/BluebirdMVC/src/test/resources
2017-03-16 17:22:39,978 [Worker-26] WARN  o.e.m.c.i.embedder.EclipseLogger - Using platform encoding (UTF-8 actually) to copy filtered resources, i.e. build is platform dependent!
2017-03-16 17:22:39,979 [Worker-26] INFO  o.e.m.c.i.embedder.EclipseLogger - skip non existing resourceDirectory /Users/Pat-Levi-Gaston/Desktop/ProjectBluebird/BluebirdMVC/src/main/resources
2017-03-16 17:22:39,980 [Worker-26] WARN  o.e.m.c.i.embedder.EclipseLogger - Using platform encoding (UTF-8 actually) to copy filtered resources, i.e. build is platform dependent!
2017-03-16 17:22:39,981 [Worker-26] INFO  o.e.m.c.i.embedder.EclipseLogger - skip non existing resourceDirectory /Users/Pat-Levi-Gaston/Desktop/ProjectBluebird/BluebirdMVC/src/test/resources
2017-03-16 17:22:48,469 [Worker-18] WARN  o.e.m.c.i.embedder.EclipseLogger - Using platform encoding (UTF-8 actually) to copy filtered resources, i.e. build is platform dependent!
2017-03-16 17:22:48,469 [Worker-18] INFO  o.e.m.c.i.embedder.EclipseLogger - skip non existing resourceDirectory /Users/Pat-Levi-Gaston/Desktop/ProjectBluebird/BluebirdMVC/src/main/resources
2017-03-16 17:22:48,473 [Worker-18] WARN  o.e.m.c.i.embedder.EclipseLogger - Using platform encoding (UTF-8 actually) to copy filtered resources, i.e. build is platform dependent!
2017-03-16 17:22:48,474 [Worker-18] INFO  o.e.m.c.i.embedder.EclipseLogger - skip non existing resourceDirectory /Users/Pat-Levi-Gaston/Desktop/ProjectBluebird/BluebirdMVC/src/test/resources
2017-03-16 17:23:29,667 [Worker-2] WARN  o.e.m.c.i.embedder.EclipseLogger - Using platform encoding (UTF-8 actually) to copy filtered resources, i.e. build is platform dependent!
2017-03-16 17:23:29,668 [Worker-2] INFO  o.e.m.c.i.embedder.EclipseLogger - skip non existing resourceDirectory /Users/Pat-Levi-Gaston/Desktop/ProjectBluebird/BluebirdMVC/src/main/resources
2017-03-16 17:23:29,669 [Worker-2] WARN  o.e.m.c.i.embedder.EclipseLogger - Using platform encoding (UTF-8 actually) to copy filtered resources, i.e. build is platform dependent!
2017-03-16 17:23:29,683 [Worker-2] INFO  o.e.m.c.i.embedder.EclipseLogger - skip non existing resourceDirectory /Users/Pat-Levi-Gaston/Desktop/ProjectBluebird/BluebirdMVC/src/test/resources
2017-03-16 17:24:10,079 [Worker-28] WARN  o.e.m.c.i.embedder.EclipseLogger - Using platform encoding (UTF-8 actually) to copy filtered resources, i.e. build is platform dependent!
2017-03-16 17:24:10,117 [Worker-28] INFO  o.e.m.c.i.embedder.EclipseLogger - skip non existing resourceDirectory /Users/Pat-Levi-Gaston/Desktop/ProjectBluebird/BluebirdMVC/src/main/resources
2017-03-16 17:24:10,118 [Worker-28] WARN  o.e.m.c.i.embedder.EclipseLogger - Using platform encoding (UTF-8 actually) to copy filtered resources, i.e. build is platform dependent!
2017-03-16 17:24:10,119 [Worker-28] INFO  o.e.m.c.i.embedder.EclipseLogger - skip non existing resourceDirectory /Users/Pat-Levi-Gaston/Desktop/ProjectBluebird/BluebirdMVC/src/test/resources
2017-03-16 17:24:20,628 [Worker-18] WARN  o.e.m.c.i.embedder.EclipseLogger - Using platform encoding (UTF-8 actually) to copy filtered resources, i.e. build is platform dependent!
2017-03-16 17:24:20,628 [Worker-18] INFO  o.e.m.c.i.embedder.EclipseLogger - skip non existing resourceDirectory /Users/Pat-Levi-Gaston/Desktop/ProjectBluebird/BluebirdMVC/src/main/resources
2017-03-16 17:24:20,630 [Worker-18] WARN  o.e.m.c.i.embedder.EclipseLogger - Using platform encoding (UTF-8 actually) to copy filtered resources, i.e. build is platform dependent!
2017-03-16 17:24:20,630 [Worker-18] INFO  o.e.m.c.i.embedder.EclipseLogger - skip non existing resourceDirectory /Users/Pat-Levi-Gaston/Desktop/ProjectBluebird/BluebirdMVC/src/test/resources
2017-03-16 17:25:02,951 [Worker-27] WARN  o.e.m.c.i.embedder.EclipseLogger - Using platform encoding (UTF-8 actually) to copy filtered resources, i.e. build is platform dependent!
2017-03-16 17:25:02,952 [Worker-27] INFO  o.e.m.c.i.embedder.EclipseLogger - skip non existing resourceDirectory /Users/Pat-Levi-Gaston/Desktop/ProjectBluebird/BluebirdMVC/src/main/resources
2017-03-16 17:25:02,953 [Worker-27] WARN  o.e.m.c.i.embedder.EclipseLogger - Using platform encoding (UTF-8 actually) to copy filtered resources, i.e. build is platform dependent!
2017-03-16 17:25:02,954 [Worker-27] INFO  o.e.m.c.i.embedder.EclipseLogger - skip non existing resourceDirectory /Users/Pat-Levi-Gaston/Desktop/ProjectBluebird/BluebirdMVC/src/test/resources
2017-03-16 17:25:05,468 [Worker-16] WARN  o.e.m.c.i.embedder.EclipseLogger - Using platform encoding (UTF-8 actually) to copy filtered resources, i.e. build is platform dependent!
2017-03-16 17:25:05,469 [Worker-16] INFO  o.e.m.c.i.embedder.EclipseLogger - skip non existing resourceDirectory /Users/Pat-Levi-Gaston/Desktop/ProjectBluebird/BluebirdMVC/src/main/resources
2017-03-16 17:25:05,470 [Worker-16] WARN  o.e.m.c.i.embedder.EclipseLogger - Using platform encoding (UTF-8 actually) to copy filtered resources, i.e. build is platform dependent!
2017-03-16 17:25:05,471 [Worker-16] INFO  o.e.m.c.i.embedder.EclipseLogger - skip non existing resourceDirectory /Users/Pat-Levi-Gaston/Desktop/ProjectBluebird/BluebirdMVC/src/test/resources
2017-03-16 17:25:34,217 [Worker-28] WARN  o.e.m.c.i.embedder.EclipseLogger - Using platform encoding (UTF-8 actually) to copy filtered resources, i.e. build is platform dependent!
2017-03-16 17:25:34,217 [Worker-28] INFO  o.e.m.c.i.embedder.EclipseLogger - skip non existing resourceDirectory /Users/Pat-Levi-Gaston/Desktop/ProjectBluebird/BluebirdMVC/src/main/resources
2017-03-16 17:25:34,219 [Worker-28] WARN  o.e.m.c.i.embedder.EclipseLogger - Using platform encoding (UTF-8 actually) to copy filtered resources, i.e. build is platform dependent!
2017-03-16 17:25:34,220 [Worker-28] INFO  o.e.m.c.i.embedder.EclipseLogger - skip non existing resourceDirectory /Users/Pat-Levi-Gaston/Desktop/ProjectBluebird/BluebirdMVC/src/test/resources
2017-03-16 17:25:49,773 [Worker-29] WARN  o.e.m.c.i.embedder.EclipseLogger - Using platform encoding (UTF-8 actually) to copy filtered resources, i.e. build is platform dependent!
2017-03-16 17:25:49,774 [Worker-29] INFO  o.e.m.c.i.embedder.EclipseLogger - skip non existing resourceDirectory /Users/Pat-Levi-Gaston/Desktop/ProjectBluebird/BluebirdMVC/src/main/resources
2017-03-16 17:25:49,776 [Worker-29] WARN  o.e.m.c.i.embedder.EclipseLogger - Using platform encoding (UTF-8 actually) to copy filtered resources, i.e. build is platform dependent!
2017-03-16 17:25:49,776 [Worker-29] INFO  o.e.m.c.i.embedder.EclipseLogger - skip non existing resourceDirectory /Users/Pat-Levi-Gaston/Desktop/ProjectBluebird/BluebirdMVC/src/test/resources
2017-03-16 17:26:06,537 [Worker-16] WARN  o.e.m.c.i.embedder.EclipseLogger - Using platform encoding (UTF-8 actually) to copy filtered resources, i.e. build is platform dependent!
2017-03-16 17:26:06,538 [Worker-16] INFO  o.e.m.c.i.embedder.EclipseLogger - skip non existing resourceDirectory /Users/Pat-Levi-Gaston/Desktop/ProjectBluebird/BluebirdMVC/src/main/resources
2017-03-16 17:26:06,539 [Worker-16] WARN  o.e.m.c.i.embedder.EclipseLogger - Using platform encoding (UTF-8 actually) to copy filtered resources, i.e. build is platform dependent!
2017-03-16 17:26:06,540 [Worker-16] INFO  o.e.m.c.i.embedder.EclipseLogger - skip non existing resourceDirectory /Users/Pat-Levi-Gaston/Desktop/ProjectBluebird/BluebirdMVC/src/test/resources
2017-03-16 17:26:27,397 [Worker-16] WARN  o.e.m.c.i.embedder.EclipseLogger - Using platform encoding (UTF-8 actually) to copy filtered resources, i.e. build is platform dependent!
2017-03-16 17:26:27,431 [Worker-16] INFO  o.e.m.c.i.embedder.EclipseLogger - skip non existing resourceDirectory /Users/Pat-Levi-Gaston/Desktop/ProjectBluebird/BluebirdMVC/src/main/resources
2017-03-16 17:26:27,432 [Worker-16] WARN  o.e.m.c.i.embedder.EclipseLogger - Using platform encoding (UTF-8 actually) to copy filtered resources, i.e. build is platform dependent!
2017-03-16 17:26:27,432 [Worker-16] INFO  o.e.m.c.i.embedder.EclipseLogger - skip non existing resourceDirectory /Users/Pat-Levi-Gaston/Desktop/ProjectBluebird/BluebirdMVC/src/test/resources
2017-03-16 17:26:46,986 [Worker-2] WARN  o.e.m.c.i.embedder.EclipseLogger - Using platform encoding (UTF-8 actually) to copy filtered resources, i.e. build is platform dependent!
2017-03-16 17:26:46,987 [Worker-2] INFO  o.e.m.c.i.embedder.EclipseLogger - skip non existing resourceDirectory /Users/Pat-Levi-Gaston/Desktop/ProjectBluebird/BluebirdMVC/src/main/resources
2017-03-16 17:26:46,989 [Worker-2] WARN  o.e.m.c.i.embedder.EclipseLogger - Using platform encoding (UTF-8 actually) to copy filtered resources, i.e. build is platform dependent!
2017-03-16 17:26:46,990 [Worker-2] INFO  o.e.m.c.i.embedder.EclipseLogger - skip non existing resourceDirectory /Users/Pat-Levi-Gaston/Desktop/ProjectBluebird/BluebirdMVC/src/test/resources
2017-03-16 17:28:24,059 [Worker-29] WARN  o.e.m.c.i.embedder.EclipseLogger - Using platform encoding (UTF-8 actually) to copy filtered resources, i.e. build is platform dependent!
2017-03-16 17:28:24,060 [Worker-29] INFO  o.e.m.c.i.embedder.EclipseLogger - skip non existing resourceDirectory /Users/Pat-Levi-Gaston/Desktop/ProjectBluebird/BluebirdMVC/src/main/resources
2017-03-16 17:28:24,061 [Worker-29] WARN  o.e.m.c.i.embedder.EclipseLogger - Using platform encoding (UTF-8 actually) to copy filtered resources, i.e. build is platform dependent!
2017-03-16 17:28:24,062 [Worker-29] INFO  o.e.m.c.i.embedder.EclipseLogger - skip non existing resourceDirectory /Users/Pat-Levi-Gaston/Desktop/ProjectBluebird/BluebirdMVC/src/test/resources
2017-03-16 17:28:49,041 [Worker-29] WARN  o.e.m.c.i.embedder.EclipseLogger - Using platform encoding (UTF-8 actually) to copy filtered resources, i.e. build is platform dependent!
2017-03-16 17:28:49,042 [Worker-29] INFO  o.e.m.c.i.embedder.EclipseLogger - skip non existing resourceDirectory /Users/Pat-Levi-Gaston/Desktop/ProjectBluebird/BluebirdMVC/src/main/resources
2017-03-16 17:28:49,044 [Worker-29] WARN  o.e.m.c.i.embedder.EclipseLogger - Using platform encoding (UTF-8 actually) to copy filtered resources, i.e. build is platform dependent!
2017-03-16 17:28:49,044 [Worker-29] INFO  o.e.m.c.i.embedder.EclipseLogger - skip non existing resourceDirectory /Users/Pat-Levi-Gaston/Desktop/ProjectBluebird/BluebirdMVC/src/test/resources
2017-03-16 17:28:55,829 [Worker-28] WARN  o.e.m.c.i.embedder.EclipseLogger - Using platform encoding (UTF-8 actually) to copy filtered resources, i.e. build is platform dependent!
2017-03-16 17:28:55,872 [Worker-28] INFO  o.e.m.c.i.embedder.EclipseLogger - skip non existing resourceDirectory /Users/Pat-Levi-Gaston/Desktop/ProjectBluebird/BluebirdMVC/src/main/resources
2017-03-16 17:28:55,874 [Worker-28] WARN  o.e.m.c.i.embedder.EclipseLogger - Using platform encoding (UTF-8 actually) to copy filtered resources, i.e. build is platform dependent!
2017-03-16 17:28:55,877 [Worker-28] INFO  o.e.m.c.i.embedder.EclipseLogger - skip non existing resourceDirectory /Users/Pat-Levi-Gaston/Desktop/ProjectBluebird/BluebirdMVC/src/test/resources
2017-03-16 17:29:42,156 [Worker-27] WARN  o.e.m.c.i.embedder.EclipseLogger - Using platform encoding (UTF-8 actually) to copy filtered resources, i.e. build is platform dependent!
2017-03-16 17:29:42,190 [Worker-27] INFO  o.e.m.c.i.embedder.EclipseLogger - skip non existing resourceDirectory /Users/Pat-Levi-Gaston/Desktop/ProjectBluebird/BluebirdMVC/src/main/resources
2017-03-16 17:29:42,192 [Worker-27] WARN  o.e.m.c.i.embedder.EclipseLogger - Using platform encoding (UTF-8 actually) to copy filtered resources, i.e. build is platform dependent!
2017-03-16 17:29:42,193 [Worker-27] INFO  o.e.m.c.i.embedder.EclipseLogger - skip non existing resourceDirectory /Users/Pat-Levi-Gaston/Desktop/ProjectBluebird/BluebirdMVC/src/test/resources
2017-03-16 17:31:14,909 [Worker-28] WARN  o.e.m.c.i.embedder.EclipseLogger - Using platform encoding (UTF-8 actually) to copy filtered resources, i.e. build is platform dependent!
2017-03-16 17:31:14,909 [Worker-28] INFO  o.e.m.c.i.embedder.EclipseLogger - skip non existing resourceDirectory /Users/Pat-Levi-Gaston/Desktop/ProjectBluebird/BluebirdMVC/src/main/resources
2017-03-16 17:31:14,911 [Worker-28] WARN  o.e.m.c.i.embedder.EclipseLogger - Using platform encoding (UTF-8 actually) to copy filtered resources, i.e. build is platform dependent!
2017-03-16 17:31:14,911 [Worker-28] INFO  o.e.m.c.i.embedder.EclipseLogger - skip non existing resourceDirectory /Users/Pat-Levi-Gaston/Desktop/ProjectBluebird/BluebirdMVC/src/test/resources
2017-03-16 17:39:09,541 [Worker-4] INFO  o.e.m.c.i.l.LifecycleMappingFactory - Using org.eclipse.m2e.jdt.JarLifecycleMapping lifecycle mapping for MavenProject: BluebirdJPA:BluebirdJPA:0.0.1-SNAPSHOT @ /Users/stevenadams/ProjectBluebird/ProjectBluebird/BluebirdJPA/pom.xml.
2017-03-16 17:39:14,869 [Worker-4] WARN  o.e.m.c.i.embedder.EclipseLogger - Using platform encoding (UTF-8 actually) to copy filtered resources, i.e. build is platform dependent!
2017-03-16 17:39:14,977 [Worker-4] INFO  o.e.m.c.i.embedder.EclipseLogger - Copying 1 resource
2017-03-16 17:39:15,004 [Worker-4] WARN  o.e.m.c.i.embedder.EclipseLogger - Using platform encoding (UTF-8 actually) to copy filtered resources, i.e. build is platform dependent!
2017-03-16 17:39:15,005 [Worker-4] INFO  o.e.m.c.i.embedder.EclipseLogger - skip non existing resourceDirectory /Users/stevenadams/ProjectBluebird/ProjectBluebird/BluebirdJPA/src/test/resources
2017-03-16 17:39:20,956 [Worker-8] INFO  o.e.m.c.i.l.LifecycleMappingFactory - Using org.eclipse.m2e.jdt.JarLifecycleMapping lifecycle mapping for MavenProject: BluebirdJPA:BluebirdJPA:0.0.1-SNAPSHOT @ /Users/stevenadams/ProjectBluebird/ProjectBluebird/BluebirdJPA/pom.xml.
2017-03-16 17:39:22,088 [Worker-8] INFO  o.e.m.c.i.l.LifecycleMappingFactory - Using org.maven.ide.eclipse.wtp.WarLifecycleMapping lifecycle mapping for MavenProject: BluebirdMVC:BluebirdMVC:0.0.1-SNAPSHOT @ /Users/stevenadams/ProjectBluebird/ProjectBluebird/BluebirdMVC/pom.xml.
2017-03-16 17:39:29,089 [Worker-88] WARN  o.e.m.c.i.embedder.EclipseLogger - Using platform encoding (UTF-8 actually) to copy filtered resources, i.e. build is platform dependent!
2017-03-16 17:39:29,119 [Worker-88] INFO  o.e.m.c.i.embedder.EclipseLogger - Copying 1 resource
2017-03-16 17:39:29,153 [Worker-88] WARN  o.e.m.c.i.embedder.EclipseLogger - Using platform encoding (UTF-8 actually) to copy filtered resources, i.e. build is platform dependent!
2017-03-16 17:39:29,154 [Worker-88] INFO  o.e.m.c.i.embedder.EclipseLogger - skip non existing resourceDirectory /Users/stevenadams/ProjectBluebird/ProjectBluebird/BluebirdJPA/src/test/resources
2017-03-16 17:39:30,877 [Worker-25] WARN  o.e.m.c.i.embedder.EclipseLogger - Using platform encoding (UTF-8 actually) to copy filtered resources, i.e. build is platform dependent!
2017-03-16 17:39:30,878 [Worker-25] INFO  o.e.m.c.i.embedder.EclipseLogger - skip non existing resourceDirectory /Users/stevenadams/ProjectBluebird/ProjectBluebird/BluebirdMVC/src/main/resources
2017-03-16 17:39:30,889 [Worker-25] WARN  o.e.m.c.i.embedder.EclipseLogger - Using platform encoding (UTF-8 actually) to copy filtered resources, i.e. build is platform dependent!
2017-03-16 17:39:30,896 [Worker-25] INFO  o.e.m.c.i.embedder.EclipseLogger - skip non existing resourceDirectory /Users/stevenadams/ProjectBluebird/ProjectBluebird/BluebirdMVC/src/test/resources
2017-03-16 17:54:11,269 [Worker-162] WARN  o.e.m.c.i.embedder.EclipseLogger - Using platform encoding (UTF-8 actually) to copy filtered resources, i.e. build is platform dependent!
2017-03-16 17:54:11,275 [Worker-162] INFO  o.e.m.c.i.embedder.EclipseLogger - skip non existing resourceDirectory /Users/stevenadams/ProjectBluebird/ProjectBluebird/BluebirdMVC/src/main/resources
2017-03-16 17:54:11,277 [Worker-162] WARN  o.e.m.c.i.embedder.EclipseLogger - Using platform encoding (UTF-8 actually) to copy filtered resources, i.e. build is platform dependent!
2017-03-16 17:54:11,283 [Worker-162] INFO  o.e.m.c.i.embedder.EclipseLogger - skip non existing resourceDirectory /Users/stevenadams/ProjectBluebird/ProjectBluebird/BluebirdMVC/src/test/resources
2017-03-16 17:56:57,861 [Worker-164] WARN  o.e.m.c.i.embedder.EclipseLogger - Using platform encoding (UTF-8 actually) to copy filtered resources, i.e. build is platform dependent!
2017-03-16 17:56:57,863 [Worker-164] INFO  o.e.m.c.i.embedder.EclipseLogger - skip non existing resourceDirectory /Users/stevenadams/ProjectBluebird/ProjectBluebird/BluebirdMVC/src/main/resources
2017-03-16 17:56:57,864 [Worker-164] WARN  o.e.m.c.i.embedder.EclipseLogger - Using platform encoding (UTF-8 actually) to copy filtered resources, i.e. build is platform dependent!
2017-03-16 17:56:57,865 [Worker-164] INFO  o.e.m.c.i.embedder.EclipseLogger - skip non existing resourceDirectory /Users/stevenadams/ProjectBluebird/ProjectBluebird/BluebirdMVC/src/test/resources
2017-03-16 17:57:12,102 [Worker-165] WARN  o.e.m.c.i.embedder.EclipseLogger - Using platform encoding (UTF-8 actually) to copy filtered resources, i.e. build is platform dependent!
2017-03-16 17:57:12,103 [Worker-165] INFO  o.e.m.c.i.embedder.EclipseLogger - skip non existing resourceDirectory /Users/stevenadams/ProjectBluebird/ProjectBluebird/BluebirdMVC/src/main/resources
2017-03-16 17:57:12,105 [Worker-165] WARN  o.e.m.c.i.embedder.EclipseLogger - Using platform encoding (UTF-8 actually) to copy filtered resources, i.e. build is platform dependent!
2017-03-16 17:57:12,108 [Worker-165] INFO  o.e.m.c.i.embedder.EclipseLogger - skip non existing resourceDirectory /Users/stevenadams/ProjectBluebird/ProjectBluebird/BluebirdMVC/src/test/resources
2017-03-16 17:57:29,748 [Worker-164] WARN  o.e.m.c.i.embedder.EclipseLogger - Using platform encoding (UTF-8 actually) to copy filtered resources, i.e. build is platform dependent!
2017-03-16 17:57:29,749 [Worker-164] INFO  o.e.m.c.i.embedder.EclipseLogger - skip non existing resourceDirectory /Users/stevenadams/ProjectBluebird/ProjectBluebird/BluebirdMVC/src/main/resources
2017-03-16 17:57:29,752 [Worker-164] WARN  o.e.m.c.i.embedder.EclipseLogger - Using platform encoding (UTF-8 actually) to copy filtered resources, i.e. build is platform dependent!
2017-03-16 17:57:29,752 [Worker-164] INFO  o.e.m.c.i.embedder.EclipseLogger - skip non existing resourceDirectory /Users/stevenadams/ProjectBluebird/ProjectBluebird/BluebirdMVC/src/test/resources
2017-03-16 17:57:51,506 [Worker-164] WARN  o.e.m.c.i.embedder.EclipseLogger - Using platform encoding (UTF-8 actually) to copy filtered resources, i.e. build is platform dependent!
2017-03-16 17:57:51,508 [Worker-164] INFO  o.e.m.c.i.embedder.EclipseLogger - skip non existing resourceDirectory /Users/stevenadams/ProjectBluebird/ProjectBluebird/BluebirdMVC/src/main/resources
2017-03-16 17:57:51,514 [Worker-164] WARN  o.e.m.c.i.embedder.EclipseLogger - Using platform encoding (UTF-8 actually) to copy filtered resources, i.e. build is platform dependent!
2017-03-16 17:57:51,515 [Worker-164] INFO  o.e.m.c.i.embedder.EclipseLogger - skip non existing resourceDirectory /Users/stevenadams/ProjectBluebird/ProjectBluebird/BluebirdMVC/src/test/resources
2017-03-16 18:03:12,782 [Worker-166] WARN  o.e.m.c.i.embedder.EclipseLogger - Using platform encoding (UTF-8 actually) to copy filtered resources, i.e. build is platform dependent!
2017-03-16 18:03:12,788 [Worker-166] INFO  o.e.m.c.i.embedder.EclipseLogger - skip non existing resourceDirectory /Users/stevenadams/ProjectBluebird/ProjectBluebird/BluebirdMVC/src/main/resources
2017-03-16 18:03:12,792 [Worker-166] WARN  o.e.m.c.i.embedder.EclipseLogger - Using platform encoding (UTF-8 actually) to copy filtered resources, i.e. build is platform dependent!
2017-03-16 18:03:12,793 [Worker-166] INFO  o.e.m.c.i.embedder.EclipseLogger - skip non existing resourceDirectory /Users/stevenadams/ProjectBluebird/ProjectBluebird/BluebirdMVC/src/test/resources
2017-03-16 18:06:04,226 [Worker-167] WARN  o.e.m.c.i.embedder.EclipseLogger - Using platform encoding (UTF-8 actually) to copy filtered resources, i.e. build is platform dependent!
2017-03-16 18:06:04,233 [Worker-167] INFO  o.e.m.c.i.embedder.EclipseLogger - skip non existing resourceDirectory /Users/stevenadams/ProjectBluebird/ProjectBluebird/BluebirdMVC/src/main/resources
2017-03-16 18:06:04,235 [Worker-167] WARN  o.e.m.c.i.embedder.EclipseLogger - Using platform encoding (UTF-8 actually) to copy filtered resources, i.e. build is platform dependent!
2017-03-16 18:06:04,236 [Worker-167] INFO  o.e.m.c.i.embedder.EclipseLogger - skip non existing resourceDirectory /Users/stevenadams/ProjectBluebird/ProjectBluebird/BluebirdMVC/src/test/resources
2017-03-16 18:06:14,100 [Worker-165] WARN  o.e.m.c.i.embedder.EclipseLogger - Using platform encoding (UTF-8 actually) to copy filtered resources, i.e. build is platform dependent!
2017-03-16 18:06:14,101 [Worker-165] INFO  o.e.m.c.i.embedder.EclipseLogger - skip non existing resourceDirectory /Users/stevenadams/ProjectBluebird/ProjectBluebird/BluebirdMVC/src/main/resources
2017-03-16 18:06:14,104 [Worker-165] WARN  o.e.m.c.i.embedder.EclipseLogger - Using platform encoding (UTF-8 actually) to copy filtered resources, i.e. build is platform dependent!
2017-03-16 18:06:14,136 [Worker-165] INFO  o.e.m.c.i.embedder.EclipseLogger - skip non existing resourceDirectory /Users/stevenadams/ProjectBluebird/ProjectBluebird/BluebirdMVC/src/test/resources
2017-03-16 18:07:44,064 [Worker-167] WARN  o.e.m.c.i.embedder.EclipseLogger - Using platform encoding (UTF-8 actually) to copy filtered resources, i.e. build is platform dependent!
2017-03-16 18:07:44,065 [Worker-167] INFO  o.e.m.c.i.embedder.EclipseLogger - skip non existing resourceDirectory /Users/stevenadams/ProjectBluebird/ProjectBluebird/BluebirdMVC/src/main/resources
2017-03-16 18:07:44,066 [Worker-167] WARN  o.e.m.c.i.embedder.EclipseLogger - Using platform encoding (UTF-8 actually) to copy filtered resources, i.e. build is platform dependent!
2017-03-16 18:07:44,067 [Worker-167] INFO  o.e.m.c.i.embedder.EclipseLogger - skip non existing resourceDirectory /Users/stevenadams/ProjectBluebird/ProjectBluebird/BluebirdMVC/src/test/resources
2017-03-16 18:12:50,108 [Worker-168] WARN  o.e.m.c.i.embedder.EclipseLogger - Using platform encoding (UTF-8 actually) to copy filtered resources, i.e. build is platform dependent!
2017-03-16 18:12:50,108 [Worker-168] INFO  o.e.m.c.i.embedder.EclipseLogger - skip non existing resourceDirectory /Users/stevenadams/ProjectBluebird/ProjectBluebird/BluebirdMVC/src/main/resources
2017-03-16 18:12:50,110 [Worker-168] WARN  o.e.m.c.i.embedder.EclipseLogger - Using platform encoding (UTF-8 actually) to copy filtered resources, i.e. build is platform dependent!
2017-03-16 18:12:50,110 [Worker-168] INFO  o.e.m.c.i.embedder.EclipseLogger - skip non existing resourceDirectory /Users/stevenadams/ProjectBluebird/ProjectBluebird/BluebirdMVC/src/test/resources
2017-03-16 18:17:16,250 [Worker-170] WARN  o.e.m.c.i.embedder.EclipseLogger - Using platform encoding (UTF-8 actually) to copy filtered resources, i.e. build is platform dependent!
2017-03-16 18:17:16,254 [Worker-170] INFO  o.e.m.c.i.embedder.EclipseLogger - skip non existing resourceDirectory /Users/stevenadams/ProjectBluebird/ProjectBluebird/BluebirdMVC/src/main/resources
2017-03-16 18:17:16,255 [Worker-170] WARN  o.e.m.c.i.embedder.EclipseLogger - Using platform encoding (UTF-8 actually) to copy filtered resources, i.e. build is platform dependent!
2017-03-16 18:17:16,256 [Worker-170] INFO  o.e.m.c.i.embedder.EclipseLogger - skip non existing resourceDirectory /Users/stevenadams/ProjectBluebird/ProjectBluebird/BluebirdMVC/src/test/resources
2017-03-16 18:17:23,114 [Worker-170] WARN  o.e.m.c.i.embedder.EclipseLogger - Using platform encoding (UTF-8 actually) to copy filtered resources, i.e. build is platform dependent!
2017-03-16 18:17:23,115 [Worker-170] INFO  o.e.m.c.i.embedder.EclipseLogger - skip non existing resourceDirectory /Users/stevenadams/ProjectBluebird/ProjectBluebird/BluebirdMVC/src/main/resources
2017-03-16 18:17:23,117 [Worker-170] WARN  o.e.m.c.i.embedder.EclipseLogger - Using platform encoding (UTF-8 actually) to copy filtered resources, i.e. build is platform dependent!
2017-03-16 18:17:23,118 [Worker-170] INFO  o.e.m.c.i.embedder.EclipseLogger - skip non existing resourceDirectory /Users/stevenadams/ProjectBluebird/ProjectBluebird/BluebirdMVC/src/test/resources
2017-03-16 18:17:33,102 [Worker-169] WARN  o.e.m.c.i.embedder.EclipseLogger - Using platform encoding (UTF-8 actually) to copy filtered resources, i.e. build is platform dependent!
2017-03-16 18:17:33,102 [Worker-169] INFO  o.e.m.c.i.embedder.EclipseLogger - skip non existing resourceDirectory /Users/stevenadams/ProjectBluebird/ProjectBluebird/BluebirdMVC/src/main/resources
2017-03-16 18:17:33,105 [Worker-169] WARN  o.e.m.c.i.embedder.EclipseLogger - Using platform encoding (UTF-8 actually) to copy filtered resources, i.e. build is platform dependent!
2017-03-16 18:17:33,126 [Worker-169] INFO  o.e.m.c.i.embedder.EclipseLogger - skip non existing resourceDirectory /Users/stevenadams/ProjectBluebird/ProjectBluebird/BluebirdMVC/src/test/resources
2017-03-16 18:25:18,916 [Worker-177] WARN  o.e.m.c.i.embedder.EclipseLogger - Using platform encoding (UTF-8 actually) to copy filtered resources, i.e. build is platform dependent!
2017-03-16 18:25:18,947 [Worker-177] INFO  o.e.m.c.i.embedder.EclipseLogger - skip non existing resourceDirectory /Users/stevenadams/ProjectBluebird/ProjectBluebird/BluebirdMVC/src/main/resources
2017-03-16 18:25:18,950 [Worker-177] WARN  o.e.m.c.i.embedder.EclipseLogger - Using platform encoding (UTF-8 actually) to copy filtered resources, i.e. build is platform dependent!
2017-03-16 18:25:18,951 [Worker-177] INFO  o.e.m.c.i.embedder.EclipseLogger - skip non existing resourceDirectory /Users/stevenadams/ProjectBluebird/ProjectBluebird/BluebirdMVC/src/test/resources
2017-03-16 18:27:38,310 [Worker-169] WARN  o.e.m.c.i.embedder.EclipseLogger - Using platform encoding (UTF-8 actually) to copy filtered resources, i.e. build is platform dependent!
2017-03-16 18:27:38,315 [Worker-169] INFO  o.e.m.c.i.embedder.EclipseLogger - skip non existing resourceDirectory /Users/stevenadams/ProjectBluebird/ProjectBluebird/BluebirdMVC/src/main/resources
2017-03-16 18:27:38,317 [Worker-169] WARN  o.e.m.c.i.embedder.EclipseLogger - Using platform encoding (UTF-8 actually) to copy filtered resources, i.e. build is platform dependent!
2017-03-16 18:27:38,320 [Worker-169] INFO  o.e.m.c.i.embedder.EclipseLogger - skip non existing resourceDirectory /Users/stevenadams/ProjectBluebird/ProjectBluebird/BluebirdMVC/src/test/resources
2017-03-16 18:28:29,532 [Worker-179] WARN  o.e.m.c.i.embedder.EclipseLogger - Using platform encoding (UTF-8 actually) to copy filtered resources, i.e. build is platform dependent!
2017-03-16 18:28:29,533 [Worker-179] INFO  o.e.m.c.i.embedder.EclipseLogger - skip non existing resourceDirectory /Users/stevenadams/ProjectBluebird/ProjectBluebird/BluebirdMVC/src/main/resources
2017-03-16 18:28:29,539 [Worker-179] WARN  o.e.m.c.i.embedder.EclipseLogger - Using platform encoding (UTF-8 actually) to copy filtered resources, i.e. build is platform dependent!
2017-03-16 18:28:29,541 [Worker-179] INFO  o.e.m.c.i.embedder.EclipseLogger - skip non existing resourceDirectory /Users/stevenadams/ProjectBluebird/ProjectBluebird/BluebirdMVC/src/test/resources
2017-03-16 18:37:45,240 [Worker-181] WARN  o.e.m.c.i.embedder.EclipseLogger - Using platform encoding (UTF-8 actually) to copy filtered resources, i.e. build is platform dependent!
2017-03-16 18:37:45,248 [Worker-181] INFO  o.e.m.c.i.embedder.EclipseLogger - skip non existing resourceDirectory /Users/stevenadams/ProjectBluebird/ProjectBluebird/BluebirdMVC/src/main/resources
2017-03-16 18:37:45,252 [Worker-181] WARN  o.e.m.c.i.embedder.EclipseLogger - Using platform encoding (UTF-8 actually) to copy filtered resources, i.e. build is platform dependent!
2017-03-16 18:37:45,253 [Worker-181] INFO  o.e.m.c.i.embedder.EclipseLogger - skip non existing resourceDirectory /Users/stevenadams/ProjectBluebird/ProjectBluebird/BluebirdMVC/src/test/resources
2017-03-16 18:38:09,241 [Worker-186] WARN  o.e.m.c.i.embedder.EclipseLogger - Using platform encoding (UTF-8 actually) to copy filtered resources, i.e. build is platform dependent!
2017-03-16 18:38:09,242 [Worker-186] INFO  o.e.m.c.i.embedder.EclipseLogger - skip non existing resourceDirectory /Users/stevenadams/ProjectBluebird/ProjectBluebird/BluebirdMVC/src/main/resources
2017-03-16 18:38:09,244 [Worker-186] WARN  o.e.m.c.i.embedder.EclipseLogger - Using platform encoding (UTF-8 actually) to copy filtered resources, i.e. build is platform dependent!
2017-03-16 18:38:09,245 [Worker-186] INFO  o.e.m.c.i.embedder.EclipseLogger - skip non existing resourceDirectory /Users/stevenadams/ProjectBluebird/ProjectBluebird/BluebirdMVC/src/test/resources
2017-03-16 18:39:56,429 [Worker-185] WARN  o.e.m.c.i.embedder.EclipseLogger - Using platform encoding (UTF-8 actually) to copy filtered resources, i.e. build is platform dependent!
2017-03-16 18:39:56,429 [Worker-185] INFO  o.e.m.c.i.embedder.EclipseLogger - skip non existing resourceDirectory /Users/stevenadams/ProjectBluebird/ProjectBluebird/BluebirdMVC/src/main/resources
2017-03-16 18:39:56,431 [Worker-185] WARN  o.e.m.c.i.embedder.EclipseLogger - Using platform encoding (UTF-8 actually) to copy filtered resources, i.e. build is platform dependent!
2017-03-16 18:39:56,432 [Worker-185] INFO  o.e.m.c.i.embedder.EclipseLogger - skip non existing resourceDirectory /Users/stevenadams/ProjectBluebird/ProjectBluebird/BluebirdMVC/src/test/resources
2017-03-16 18:40:17,626 [Worker-184] WARN  o.e.m.c.i.embedder.EclipseLogger - Using platform encoding (UTF-8 actually) to copy filtered resources, i.e. build is platform dependent!
2017-03-16 18:40:17,627 [Worker-184] INFO  o.e.m.c.i.embedder.EclipseLogger - skip non existing resourceDirectory /Users/stevenadams/ProjectBluebird/ProjectBluebird/BluebirdMVC/src/main/resources
2017-03-16 18:40:17,628 [Worker-184] WARN  o.e.m.c.i.embedder.EclipseLogger - Using platform encoding (UTF-8 actually) to copy filtered resources, i.e. build is platform dependent!
2017-03-16 18:40:17,633 [Worker-184] INFO  o.e.m.c.i.embedder.EclipseLogger - skip non existing resourceDirectory /Users/stevenadams/ProjectBluebird/ProjectBluebird/BluebirdMVC/src/test/resources
2017-03-16 18:41:55,174 [Worker-181] WARN  o.e.m.c.i.embedder.EclipseLogger - Using platform encoding (UTF-8 actually) to copy filtered resources, i.e. build is platform dependent!
2017-03-16 18:41:55,198 [Worker-181] INFO  o.e.m.c.i.embedder.EclipseLogger - skip non existing resourceDirectory /Users/stevenadams/ProjectBluebird/ProjectBluebird/BluebirdMVC/src/main/resources
2017-03-16 18:41:55,199 [Worker-181] WARN  o.e.m.c.i.embedder.EclipseLogger - Using platform encoding (UTF-8 actually) to copy filtered resources, i.e. build is platform dependent!
2017-03-16 18:41:55,200 [Worker-181] INFO  o.e.m.c.i.embedder.EclipseLogger - skip non existing resourceDirectory /Users/stevenadams/ProjectBluebird/ProjectBluebird/BluebirdMVC/src/test/resources
2017-03-16 18:42:12,481 [Worker-187] WARN  o.e.m.c.i.embedder.EclipseLogger - Using platform encoding (UTF-8 actually) to copy filtered resources, i.e. build is platform dependent!
2017-03-16 18:42:12,482 [Worker-187] INFO  o.e.m.c.i.embedder.EclipseLogger - skip non existing resourceDirectory /Users/stevenadams/ProjectBluebird/ProjectBluebird/BluebirdMVC/src/main/resources
2017-03-16 18:42:12,485 [Worker-187] WARN  o.e.m.c.i.embedder.EclipseLogger - Using platform encoding (UTF-8 actually) to copy filtered resources, i.e. build is platform dependent!
2017-03-16 18:42:12,486 [Worker-187] INFO  o.e.m.c.i.embedder.EclipseLogger - skip non existing resourceDirectory /Users/stevenadams/ProjectBluebird/ProjectBluebird/BluebirdMVC/src/test/resources
2017-03-16 18:42:17,266 [Worker-184] WARN  o.e.m.c.i.embedder.EclipseLogger - Using platform encoding (UTF-8 actually) to copy filtered resources, i.e. build is platform dependent!
2017-03-16 18:42:17,267 [Worker-184] INFO  o.e.m.c.i.embedder.EclipseLogger - skip non existing resourceDirectory /Users/stevenadams/ProjectBluebird/ProjectBluebird/BluebirdMVC/src/main/resources
2017-03-16 18:42:17,269 [Worker-184] WARN  o.e.m.c.i.embedder.EclipseLogger - Using platform encoding (UTF-8 actually) to copy filtered resources, i.e. build is platform dependent!
2017-03-16 18:42:17,271 [Worker-184] INFO  o.e.m.c.i.embedder.EclipseLogger - skip non existing resourceDirectory /Users/stevenadams/ProjectBluebird/ProjectBluebird/BluebirdMVC/src/test/resources
2017-03-16 18:43:31,416 [Worker-187] WARN  o.e.m.c.i.embedder.EclipseLogger - Using platform encoding (UTF-8 actually) to copy filtered resources, i.e. build is platform dependent!
2017-03-16 18:43:31,417 [Worker-187] INFO  o.e.m.c.i.embedder.EclipseLogger - skip non existing resourceDirectory /Users/stevenadams/ProjectBluebird/ProjectBluebird/BluebirdMVC/src/main/resources
2017-03-16 18:43:31,419 [Worker-187] WARN  o.e.m.c.i.embedder.EclipseLogger - Using platform encoding (UTF-8 actually) to copy filtered resources, i.e. build is platform dependent!
2017-03-16 18:43:31,419 [Worker-187] INFO  o.e.m.c.i.embedder.EclipseLogger - skip non existing resourceDirectory /Users/stevenadams/ProjectBluebird/ProjectBluebird/BluebirdMVC/src/test/resources
2017-03-16 18:50:14,490 [Worker-190] WARN  o.e.m.c.i.embedder.EclipseLogger - Using platform encoding (UTF-8 actually) to copy filtered resources, i.e. build is platform dependent!
2017-03-16 18:50:14,506 [Worker-190] INFO  o.e.m.c.i.embedder.EclipseLogger - skip non existing resourceDirectory /Users/stevenadams/ProjectBluebird/ProjectBluebird/BluebirdMVC/src/main/resources
2017-03-16 18:50:14,507 [Worker-190] WARN  o.e.m.c.i.embedder.EclipseLogger - Using platform encoding (UTF-8 actually) to copy filtered resources, i.e. build is platform dependent!
2017-03-16 18:50:14,508 [Worker-190] INFO  o.e.m.c.i.embedder.EclipseLogger - skip non existing resourceDirectory /Users/stevenadams/ProjectBluebird/ProjectBluebird/BluebirdMVC/src/test/resources
2017-03-16 18:50:36,663 [Worker-189] WARN  o.e.m.c.i.embedder.EclipseLogger - Using platform encoding (UTF-8 actually) to copy filtered resources, i.e. build is platform dependent!
2017-03-16 18:50:36,675 [Worker-189] INFO  o.e.m.c.i.embedder.EclipseLogger - skip non existing resourceDirectory /Users/stevenadams/ProjectBluebird/ProjectBluebird/BluebirdMVC/src/main/resources
2017-03-16 18:50:36,678 [Worker-189] WARN  o.e.m.c.i.embedder.EclipseLogger - Using platform encoding (UTF-8 actually) to copy filtered resources, i.e. build is platform dependent!
2017-03-16 18:50:36,680 [Worker-189] INFO  o.e.m.c.i.embedder.EclipseLogger - skip non existing resourceDirectory /Users/stevenadams/ProjectBluebird/ProjectBluebird/BluebirdMVC/src/test/resources
2017-03-16 18:50:47,490 [Worker-190] WARN  o.e.m.c.i.embedder.EclipseLogger - Using platform encoding (UTF-8 actually) to copy filtered resources, i.e. build is platform dependent!
2017-03-16 18:50:47,491 [Worker-190] INFO  o.e.m.c.i.embedder.EclipseLogger - skip non existing resourceDirectory /Users/stevenadams/ProjectBluebird/ProjectBluebird/BluebirdMVC/src/main/resources
2017-03-16 18:50:47,493 [Worker-190] WARN  o.e.m.c.i.embedder.EclipseLogger - Using platform encoding (UTF-8 actually) to copy filtered resources, i.e. build is platform dependent!
2017-03-16 18:50:47,494 [Worker-190] INFO  o.e.m.c.i.embedder.EclipseLogger - skip non existing resourceDirectory /Users/stevenadams/ProjectBluebird/ProjectBluebird/BluebirdMVC/src/test/resources
2017-03-16 18:51:19,100 [Worker-190] WARN  o.e.m.c.i.embedder.EclipseLogger - Using platform encoding (UTF-8 actually) to copy filtered resources, i.e. build is platform dependent!
2017-03-16 18:51:19,101 [Worker-190] INFO  o.e.m.c.i.embedder.EclipseLogger - skip non existing resourceDirectory /Users/stevenadams/ProjectBluebird/ProjectBluebird/BluebirdMVC/src/main/resources
2017-03-16 18:51:19,102 [Worker-190] WARN  o.e.m.c.i.embedder.EclipseLogger - Using platform encoding (UTF-8 actually) to copy filtered resources, i.e. build is platform dependent!
2017-03-16 18:51:19,103 [Worker-190] INFO  o.e.m.c.i.embedder.EclipseLogger - skip non existing resourceDirectory /Users/stevenadams/ProjectBluebird/ProjectBluebird/BluebirdMVC/src/test/resources
2017-03-16 18:56:37,341 [Worker-193] WARN  o.e.m.c.i.embedder.EclipseLogger - Using platform encoding (UTF-8 actually) to copy filtered resources, i.e. build is platform dependent!
2017-03-16 18:56:37,359 [Worker-193] INFO  o.e.m.c.i.embedder.EclipseLogger - skip non existing resourceDirectory /Users/stevenadams/ProjectBluebird/ProjectBluebird/BluebirdMVC/src/main/resources
2017-03-16 18:56:37,365 [Worker-193] WARN  o.e.m.c.i.embedder.EclipseLogger - Using platform encoding (UTF-8 actually) to copy filtered resources, i.e. build is platform dependent!
2017-03-16 18:56:37,367 [Worker-193] INFO  o.e.m.c.i.embedder.EclipseLogger - skip non existing resourceDirectory /Users/stevenadams/ProjectBluebird/ProjectBluebird/BluebirdMVC/src/test/resources
2017-03-16 19:07:27,808 [Worker-198] WARN  o.e.m.c.i.embedder.EclipseLogger - Using platform encoding (UTF-8 actually) to copy filtered resources, i.e. build is platform dependent!
2017-03-16 19:07:27,827 [Worker-198] INFO  o.e.m.c.i.embedder.EclipseLogger - skip non existing resourceDirectory /Users/stevenadams/ProjectBluebird/ProjectBluebird/BluebirdMVC/src/main/resources
2017-03-16 19:07:27,830 [Worker-198] WARN  o.e.m.c.i.embedder.EclipseLogger - Using platform encoding (UTF-8 actually) to copy filtered resources, i.e. build is platform dependent!
2017-03-16 19:07:27,830 [Worker-198] INFO  o.e.m.c.i.embedder.EclipseLogger - skip non existing resourceDirectory /Users/stevenadams/ProjectBluebird/ProjectBluebird/BluebirdMVC/src/test/resources
2017-03-16 19:08:07,676 [Worker-197] WARN  o.e.m.c.i.embedder.EclipseLogger - Using platform encoding (UTF-8 actually) to copy filtered resources, i.e. build is platform dependent!
2017-03-16 19:08:07,679 [Worker-197] INFO  o.e.m.c.i.embedder.EclipseLogger - skip non existing resourceDirectory /Users/stevenadams/ProjectBluebird/ProjectBluebird/BluebirdMVC/src/main/resources
2017-03-16 19:08:07,682 [Worker-197] WARN  o.e.m.c.i.embedder.EclipseLogger - Using platform encoding (UTF-8 actually) to copy filtered resources, i.e. build is platform dependent!
2017-03-16 19:08:07,684 [Worker-197] INFO  o.e.m.c.i.embedder.EclipseLogger - skip non existing resourceDirectory /Users/stevenadams/ProjectBluebird/ProjectBluebird/BluebirdMVC/src/test/resources
2017-03-16 19:08:43,699 [Thread-217] ERROR org.eclipse.jgit.util.FS - xcode-select: note: no developer tools were found at '/Applications/Xcode.app', requesting install. Choose an option in the dialog to download the command line developer tools.

2017-03-16 19:08:43,774 [Thread-218] ERROR org.eclipse.jgit.util.FS - xcode-select: note: no developer tools were found at '/Applications/Xcode.app', requesting install. Choose an option in the dialog to download the command line developer tools.

2017-03-16 19:09:37,348 [Worker-199] WARN  o.e.m.c.i.embedder.EclipseLogger - Using platform encoding (UTF-8 actually) to copy filtered resources, i.e. build is platform dependent!
2017-03-16 19:09:37,351 [Worker-199] INFO  o.e.m.c.i.embedder.EclipseLogger - skip non existing resourceDirectory /Users/stevenadams/ProjectBluebird/ProjectBluebird/BluebirdMVC/src/main/resources
2017-03-16 19:09:37,353 [Worker-199] WARN  o.e.m.c.i.embedder.EclipseLogger - Using platform encoding (UTF-8 actually) to copy filtered resources, i.e. build is platform dependent!
2017-03-16 19:09:37,353 [Worker-199] INFO  o.e.m.c.i.embedder.EclipseLogger - skip non existing resourceDirectory /Users/stevenadams/ProjectBluebird/ProjectBluebird/BluebirdMVC/src/test/resources
2017-03-16 19:10:11,890 [Worker-206] WARN  o.e.m.c.i.embedder.EclipseLogger - Using platform encoding (UTF-8 actually) to copy filtered resources, i.e. build is platform dependent!
2017-03-16 19:10:11,905 [Worker-206] INFO  o.e.m.c.i.embedder.EclipseLogger - skip non existing resourceDirectory /Users/stevenadams/ProjectBluebird/ProjectBluebird/BluebirdMVC/src/main/resources
2017-03-16 19:10:11,907 [Worker-206] WARN  o.e.m.c.i.embedder.EclipseLogger - Using platform encoding (UTF-8 actually) to copy filtered resources, i.e. build is platform dependent!
2017-03-16 19:10:11,908 [Worker-206] INFO  o.e.m.c.i.embedder.EclipseLogger - skip non existing resourceDirectory /Users/stevenadams/ProjectBluebird/ProjectBluebird/BluebirdMVC/src/test/resources
2017-03-16 19:10:41,913 [Worker-203] WARN  o.e.m.c.i.embedder.EclipseLogger - Using platform encoding (UTF-8 actually) to copy filtered resources, i.e. build is platform dependent!
2017-03-16 19:10:41,915 [Worker-203] INFO  o.e.m.c.i.embedder.EclipseLogger - skip non existing resourceDirectory /Users/stevenadams/ProjectBluebird/ProjectBluebird/BluebirdMVC/src/main/resources
2017-03-16 19:10:41,917 [Worker-203] WARN  o.e.m.c.i.embedder.EclipseLogger - Using platform encoding (UTF-8 actually) to copy filtered resources, i.e. build is platform dependent!
2017-03-16 19:10:41,918 [Worker-203] INFO  o.e.m.c.i.embedder.EclipseLogger - skip non existing resourceDirectory /Users/stevenadams/ProjectBluebird/ProjectBluebird/BluebirdMVC/src/test/resources
2017-03-16 19:20:49,388 [Worker-212] WARN  o.e.m.c.i.embedder.EclipseLogger - Using platform encoding (UTF-8 actually) to copy filtered resources, i.e. build is platform dependent!
2017-03-16 19:20:49,408 [Worker-212] INFO  o.e.m.c.i.embedder.EclipseLogger - skip non existing resourceDirectory /Users/stevenadams/ProjectBluebird/ProjectBluebird/BluebirdMVC/src/main/resources
2017-03-16 19:20:49,414 [Worker-212] WARN  o.e.m.c.i.embedder.EclipseLogger - Using platform encoding (UTF-8 actually) to copy filtered resources, i.e. build is platform dependent!
2017-03-16 19:20:49,415 [Worker-212] INFO  o.e.m.c.i.embedder.EclipseLogger - skip non existing resourceDirectory /Users/stevenadams/ProjectBluebird/ProjectBluebird/BluebirdMVC/src/test/resources
